<?xml version="1.0" encoding="UTF-8" ?>
<testsuite tests="1" failures="0" name="id.its.akademik.endpoint.test.MahasiswaEndpointTest" time="0.011" errors="1" skipped="0">
  <properties>
    <property name="java.runtime.name" value="Java(TM) SE Runtime Environment"/>
    <property name="sun.boot.library.path" value="C:\Program Files\Java\jdk1.8.0_201\jre\bin"/>
    <property name="java.vm.version" value="25.201-b09"/>
    <property name="java.vm.vendor" value="Oracle Corporation"/>
    <property name="maven.multiModuleProjectDirectory" value="E:\TA-Git\TugasAkhir-AkademikAPI\akademik-api"/>
    <property name="java.vendor.url" value="http://java.oracle.com/"/>
    <property name="path.separator" value=";"/>
    <property name="java.rmi.server.randomIDs" value="true"/>
    <property name="guice.disable.misplaced.annotation.check" value="true"/>
    <property name="java.vm.name" value="Java HotSpot(TM) 64-Bit Server VM"/>
    <property name="file.encoding.pkg" value="sun.io"/>
    <property name="user.script" value=""/>
    <property name="user.country" value="US"/>
    <property name="sun.java.launcher" value="SUN_STANDARD"/>
    <property name="sun.os.patch.level" value=""/>
    <property name="java.vm.specification.name" value="Java Virtual Machine Specification"/>
    <property name="user.dir" value="E:\TA-Git\TugasAkhir-AkademikAPI\akademik-api"/>
    <property name="java.runtime.version" value="1.8.0_201-b09"/>
    <property name="java.awt.graphicsenv" value="sun.awt.Win32GraphicsEnvironment"/>
    <property name="java.endorsed.dirs" value="C:\Program Files\Java\jdk1.8.0_201\jre\lib\endorsed"/>
    <property name="os.arch" value="amd64"/>
    <property name="java.io.tmpdir" value="C:\Users\dwiir\AppData\Local\Temp\"/>
    <property name="line.separator" value="
"/>
    <property name="java.vm.specification.vendor" value="Oracle Corporation"/>
    <property name="user.variant" value=""/>
    <property name="os.name" value="Windows 10"/>
    <property name="classworlds.conf" value="E:\TA-Git\TugasAkhir-AkademikAPI\.metadata\.plugins\org.eclipse.m2e.launching\launches\m2conf3809500120040248345.tmp"/>
    <property name="sun.jnu.encoding" value="Cp1252"/>
    <property name="java.library.path" value="C:\Program Files\Java\jdk1.8.0_201\bin;C:\WINDOWS\Sun\Java\bin;C:\WINDOWS\system32;C:\WINDOWS;C:/Program Files/Java/jdk1.8.0_201/bin/../jre/bin/server;C:/Program Files/Java/jdk1.8.0_201/bin/../jre/bin;C:/Program Files/Java/jdk1.8.0_201/bin/../jre/lib/amd64;C:\WINDOWS\system32;C:\WINDOWS;C:\WINDOWS\System32\Wbem;C:\WINDOWS\System32\WindowsPowerShell\v1.0\;C:\WINDOWS\System32\OpenSSH\;C:\Program Files\PuTTY\;C:\opt\apache-maven-3.6.0\apache-maven-3.6.0\bin;C:\Program Files\Java\jdk1.8.0_201\bin;C:\Program Files\Git\cmd;C:\Users\dwiir\AppData\Local\Microsoft\WindowsApps;C:\Users\dwiir\AppData\Local\GitHubDesktop\bin;;E:\sts\sts-4.1.1.RELEASE;;."/>
    <property name="java.specification.name" value="Java Platform API Specification"/>
    <property name="java.class.version" value="52.0"/>
    <property name="sun.management.compiler" value="HotSpot 64-Bit Tiered Compilers"/>
    <property name="os.version" value="10.0"/>
    <property name="user.home" value="C:\Users\dwiir"/>
    <property name="user.timezone" value="Asia/Bangkok"/>
    <property name="java.awt.printerjob" value="sun.awt.windows.WPrinterJob"/>
    <property name="java.specification.version" value="1.8"/>
    <property name="file.encoding" value="Cp1252"/>
    <property name="user.name" value="dwiir"/>
    <property name="java.class.path" value="E:\sts\sts-4.1.1.RELEASE\plugins\org.eclipse.m2e.maven.runtime_1.10.0.20181127-2120\jars\plexus-classworlds-2.5.2.jar"/>
    <property name="java.vm.specification.version" value="1.8"/>
    <property name="sun.arch.data.model" value="64"/>
    <property name="java.home" value="C:\Program Files\Java\jdk1.8.0_201\jre"/>
    <property name="sun.java.command" value="org.codehaus.plexus.classworlds.launcher.Launcher -B install"/>
    <property name="java.specification.vendor" value="Oracle Corporation"/>
    <property name="user.language" value="en"/>
    <property name="awt.toolkit" value="sun.awt.windows.WToolkit"/>
    <property name="java.vm.info" value="mixed mode"/>
    <property name="java.version" value="1.8.0_201"/>
    <property name="java.ext.dirs" value="C:\Program Files\Java\jdk1.8.0_201\jre\lib\ext;C:\WINDOWS\Sun\Java\lib\ext"/>
    <property name="sun.boot.class.path" value="C:\Program Files\Java\jdk1.8.0_201\jre\lib\resources.jar;C:\Program Files\Java\jdk1.8.0_201\jre\lib\rt.jar;C:\Program Files\Java\jdk1.8.0_201\jre\lib\sunrsasign.jar;C:\Program Files\Java\jdk1.8.0_201\jre\lib\jsse.jar;C:\Program Files\Java\jdk1.8.0_201\jre\lib\jce.jar;C:\Program Files\Java\jdk1.8.0_201\jre\lib\charsets.jar;C:\Program Files\Java\jdk1.8.0_201\jre\lib\jfr.jar;C:\Program Files\Java\jdk1.8.0_201\jre\classes"/>
    <property name="java.vendor" value="Oracle Corporation"/>
    <property name="maven.home" value="E:\TA-Git\TugasAkhir-AkademikAPI\akademik-api\EMBEDDED"/>
    <property name="file.separator" value="\"/>
    <property name="java.vendor.url.bug" value="http://bugreport.sun.com/bugreport/"/>
    <property name="sun.cpu.endian" value="little"/>
    <property name="sun.io.unicode.encoding" value="UnicodeLittle"/>
    <property name="sun.desktop" value="windows"/>
    <property name="sun.cpu.isalist" value="amd64"/>
  </properties>
  <testcase classname="id.its.akademik.endpoint.test.MahasiswaEndpointTest" name="canGetMahasiswa" time="0.011">
    <error message="PreparedStatementCallback; bad SQL grammar [SELECT m.ma_nrp AS id, m.ma_nrp_baru AS nrp, substring(ma_nrp, 1, 2)+substring(ma_nrp, 5, 3) AS kode_prodi, m.ma_nama AS nama, m.ma_namalengkap AS nama_lengkap, m.MA_Photo AS foto, m.ma_idsex AS jk, p.PE_NamaLengkap AS dosen_wali, m.ma_tgllahir AS tgl_lahir, m.ma_tmplahir AS tmpt_lahir, ag.ag_agama AS agama, m.ma_idstatusnikah AS status_kawin, m.ma_alamatsby AS alamat_sby, m.ma_kodepos AS kodepos, m.MA_NomorHP AS telp_mhs, m.ma_email AS email, m.ma_goldarah AS gol_darah, wn.Kewarganegaraan as kewarganegaraan, ps.PS_Nama_Baru AS prodi, CONVERT(DECIMAL(10,2), MA_IPK) AS ipk, MA_SksLulus AS sks_lulus, YEAR(MA_TglMasukITS) AS tahun_masuk FROM mahasiswa m LEFT JOIN val_Kewarganegaraan wn ON wn.ID = m.ma_idkewarganegaraan LEFT JOIN agama ag ON ag.ag_id = m.ma_ag_id LEFT JOIN Pegawai p ON p.PE_Nip = m.MA_PE_NipWali JOIN ProgramStudi ps ON substring(m.ma_nrp, 1, 2)+substring(m.ma_nrp, 5, 3) = ps.PS_Kode_Prodi_Lama WHERE m.ma_nrp = ?]; nested exception is com.microsoft.sqlserver.jdbc.SQLServerException: Invalid column name &apos;MA_NomorHP&apos;." type="org.springframework.jdbc.BadSqlGrammarException">org.springframework.jdbc.BadSqlGrammarException: PreparedStatementCallback; bad SQL grammar [SELECT m.ma_nrp AS id, m.ma_nrp_baru AS nrp, substring(ma_nrp, 1, 2)+substring(ma_nrp, 5, 3) AS kode_prodi, m.ma_nama AS nama, m.ma_namalengkap AS nama_lengkap, m.MA_Photo AS foto, m.ma_idsex AS jk, p.PE_NamaLengkap AS dosen_wali, m.ma_tgllahir AS tgl_lahir, m.ma_tmplahir AS tmpt_lahir, ag.ag_agama AS agama, m.ma_idstatusnikah AS status_kawin, m.ma_alamatsby AS alamat_sby, m.ma_kodepos AS kodepos, m.MA_NomorHP AS telp_mhs, m.ma_email AS email, m.ma_goldarah AS gol_darah, wn.Kewarganegaraan as kewarganegaraan, ps.PS_Nama_Baru AS prodi, CONVERT(DECIMAL(10,2), MA_IPK) AS ipk, MA_SksLulus AS sks_lulus, YEAR(MA_TglMasukITS) AS tahun_masuk FROM mahasiswa m LEFT JOIN val_Kewarganegaraan wn ON wn.ID = m.ma_idkewarganegaraan LEFT JOIN agama ag ON ag.ag_id = m.ma_ag_id LEFT JOIN Pegawai p ON p.PE_Nip = m.MA_PE_NipWali JOIN ProgramStudi ps ON substring(m.ma_nrp, 1, 2)+substring(m.ma_nrp, 5, 3) = ps.PS_Kode_Prodi_Lama WHERE m.ma_nrp = ?]; nested exception is com.microsoft.sqlserver.jdbc.SQLServerException: Invalid column name &apos;MA_NomorHP&apos;.
	at org.springframework.jdbc.support.SQLErrorCodeSQLExceptionTranslator.doTranslate(SQLErrorCodeSQLExceptionTranslator.java:231)
	at org.springframework.jdbc.support.AbstractFallbackSQLExceptionTranslator.translate(AbstractFallbackSQLExceptionTranslator.java:73)
	at org.springframework.jdbc.core.JdbcTemplate.execute(JdbcTemplate.java:658)
	at org.springframework.jdbc.core.JdbcTemplate.query(JdbcTemplate.java:693)
	at org.springframework.jdbc.core.JdbcTemplate.query(JdbcTemplate.java:720)
	at org.springframework.jdbc.core.JdbcTemplate.query(JdbcTemplate.java:770)
	at org.springframework.jdbc.core.namedparam.NamedParameterJdbcTemplate.query(NamedParameterJdbcTemplate.java:190)
	at org.springframework.jdbc.core.namedparam.NamedParameterJdbcTemplate.query(NamedParameterJdbcTemplate.java:197)
	at id.its.akademik.dao.jdbc.JdbcMahasiswaDao.getMahasiswaFoto(JdbcMahasiswaDao.java:121)
	at id.its.akademik.endpoint.MahasiswaEndpoint.getBiodataMahasiswa(MahasiswaEndpoint.java:149)
	at id.its.akademik.endpoint.test.MahasiswaEndpointTest.canGetMahasiswa(MahasiswaEndpointTest.java:39)
	at sun.reflect.NativeMethodAccessorImpl.invoke0(Native Method)
	at sun.reflect.NativeMethodAccessorImpl.invoke(NativeMethodAccessorImpl.java:62)
	at sun.reflect.DelegatingMethodAccessorImpl.invoke(DelegatingMethodAccessorImpl.java:43)
	at java.lang.reflect.Method.invoke(Method.java:498)
	at org.junit.runners.model.FrameworkMethod$1.runReflectiveCall(FrameworkMethod.java:50)
	at org.junit.internal.runners.model.ReflectiveCallable.run(ReflectiveCallable.java:12)
	at org.junit.runners.model.FrameworkMethod.invokeExplosively(FrameworkMethod.java:47)
	at org.junit.internal.runners.statements.InvokeMethod.evaluate(InvokeMethod.java:17)
	at org.springframework.test.context.junit4.statements.RunBeforeTestMethodCallbacks.evaluate(RunBeforeTestMethodCallbacks.java:74)
	at org.springframework.test.context.junit4.statements.RunAfterTestMethodCallbacks.evaluate(RunAfterTestMethodCallbacks.java:83)
	at org.springframework.test.context.junit4.statements.SpringRepeat.evaluate(SpringRepeat.java:72)
	at org.springframework.test.context.junit4.SpringJUnit4ClassRunner.runChild(SpringJUnit4ClassRunner.java:232)
	at org.springframework.test.context.junit4.SpringJUnit4ClassRunner.runChild(SpringJUnit4ClassRunner.java:89)
	at org.junit.runners.ParentRunner$3.run(ParentRunner.java:290)
	at org.junit.runners.ParentRunner$1.schedule(ParentRunner.java:71)
	at org.junit.runners.ParentRunner.runChildren(ParentRunner.java:288)
	at org.junit.runners.ParentRunner.access$000(ParentRunner.java:58)
	at org.junit.runners.ParentRunner$2.evaluate(ParentRunner.java:268)
	at org.springframework.test.context.junit4.statements.RunBeforeTestClassCallbacks.evaluate(RunBeforeTestClassCallbacks.java:61)
	at org.springframework.test.context.junit4.statements.RunAfterTestClassCallbacks.evaluate(RunAfterTestClassCallbacks.java:71)
	at org.junit.runners.ParentRunner.run(ParentRunner.java:363)
	at org.springframework.test.context.junit4.SpringJUnit4ClassRunner.run(SpringJUnit4ClassRunner.java:175)
	at org.apache.maven.surefire.junit4.JUnit4Provider.execute(JUnit4Provider.java:252)
	at org.apache.maven.surefire.junit4.JUnit4Provider.executeTestSet(JUnit4Provider.java:141)
	at org.apache.maven.surefire.junit4.JUnit4Provider.invoke(JUnit4Provider.java:112)
	at sun.reflect.NativeMethodAccessorImpl.invoke0(Native Method)
	at sun.reflect.NativeMethodAccessorImpl.invoke(NativeMethodAccessorImpl.java:62)
	at sun.reflect.DelegatingMethodAccessorImpl.invoke(DelegatingMethodAccessorImpl.java:43)
	at java.lang.reflect.Method.invoke(Method.java:498)
	at org.apache.maven.surefire.util.ReflectionUtils.invokeMethodWithArray(ReflectionUtils.java:189)
	at org.apache.maven.surefire.booter.ProviderFactory$ProviderProxy.invoke(ProviderFactory.java:165)
	at org.apache.maven.surefire.booter.ProviderFactory.invokeProvider(ProviderFactory.java:85)
	at org.apache.maven.surefire.booter.ForkedBooter.runSuitesInProcess(ForkedBooter.java:115)
	at org.apache.maven.surefire.booter.ForkedBooter.main(ForkedBooter.java:75)
Caused by: com.microsoft.sqlserver.jdbc.SQLServerException: Invalid column name &apos;MA_NomorHP&apos;.
	at com.microsoft.sqlserver.jdbc.SQLServerException.makeFromDatabaseError(SQLServerException.java:259)
	at com.microsoft.sqlserver.jdbc.SQLServerStatement.getNextResult(SQLServerStatement.java:1547)
	at com.microsoft.sqlserver.jdbc.SQLServerPreparedStatement.doExecutePreparedStatement(SQLServerPreparedStatement.java:548)
	at com.microsoft.sqlserver.jdbc.SQLServerPreparedStatement$PrepStmtExecCmd.doExecute(SQLServerPreparedStatement.java:479)
	at com.microsoft.sqlserver.jdbc.TDSCommand.execute(IOBuffer.java:7344)
	at com.microsoft.sqlserver.jdbc.SQLServerConnection.executeCommand(SQLServerConnection.java:2713)
	at com.microsoft.sqlserver.jdbc.SQLServerStatement.executeCommand(SQLServerStatement.java:224)
	at com.microsoft.sqlserver.jdbc.SQLServerStatement.executeStatement(SQLServerStatement.java:204)
	at com.microsoft.sqlserver.jdbc.SQLServerPreparedStatement.executeQuery(SQLServerPreparedStatement.java:401)
	at com.zaxxer.hikari.pool.ProxyPreparedStatement.executeQuery(ProxyPreparedStatement.java:52)
	at com.zaxxer.hikari.pool.HikariProxyPreparedStatement.executeQuery(HikariProxyPreparedStatement.java)
	at org.springframework.jdbc.core.JdbcTemplate$1.doInPreparedStatement(JdbcTemplate.java:701)
	at org.springframework.jdbc.core.JdbcTemplate.execute(JdbcTemplate.java:642)
	... 42 more
</error>
  </testcase>
</testsuite>